<?xml version="1.0" encoding="UTF-8"?>
<!-- Generated by org.testng.reporters.JUnitReportReporter -->
<testsuite hostname="LAPTOP-D8BT2UUL" failures="0" tests="1" name="apiTests.PetStoreAPI_Tests" time="7.974" errors="0" timestamp="2022-02-20T12:23:14 EST" skipped="0">
  <testcase classname="apiTests.PetStoreAPI_Tests" name="getPetByID" time="7.974"/>
  <system-out/>
</testsuite> <!-- apiTests.PetStoreAPI_Tests -->
